1606059585254	geckodriver	INFO	Listening on 127.0.0.1:49735
1606059586026	mozrunner::runner	INFO	Running command: "/usr/bin/firefox" "--marionette" "-foreground" "-no-remote" "-profile" "/tmp/rust_mozprofilegMdNOU"
console.info: MINT: Trying to use the system region (based on LANG).
console.info: MINT: System region is US
console.warn: SearchSettings: "get: No settings file exists, new profile?" (new Error("", "(unknown module)"))
1606059599954	Marionette	INFO	Listening on port 46043
1606059600067	Marionette	WARN	TLS certificate errors will be ignored for this session
console.info: MINT: Loading search-config defaults.
JavaScript error: resource://gre/modules/TelemetryUtils.jsm, line 161: TypeError: date is undefined
1606059625355	geckodriver	INFO	Listening on 127.0.0.1:44133
1606059625360	mozrunner::runner	INFO	Running command: "/usr/bin/firefox" "--marionette" "-foreground" "-no-remote" "-profile" "/tmp/rust_mozprofileqYknxa"
console.info: MINT: Trying to use the system region (based on LANG).
console.info: MINT: System region is US
console.warn: SearchSettings: "get: No settings file exists, new profile?" (new Error("", "(unknown module)"))
1606059629539	Marionette	INFO	Listening on port 34169
1606059629593	Marionette	WARN	TLS certificate errors will be ignored for this session
console.info: MINT: Loading search-config defaults.
JavaScript error: resource://gre/modules/TelemetryUtils.jsm, line 161: TypeError: date is undefined
1606059663705	Marionette	INFO	Stopped listening on port 34169
1606059707741	Marionette	INFO	Stopped listening on port 46043
1606059755305	geckodriver	INFO	Listening on 127.0.0.1:53897
1606059755311	mozrunner::runner	INFO	Running command: "/usr/bin/firefox" "--marionette" "-foreground" "-no-remote" "-profile" "/tmp/rust_mozprofileUqQHvj"
console.info: MINT: Trying to use the system region (based on LANG).
console.info: MINT: System region is US
console.warn: SearchSettings: "get: No settings file exists, new profile?" (new Error("", "(unknown module)"))
1606059759063	Marionette	INFO	Listening on port 46459
1606059759153	Marionette	WARN	TLS certificate errors will be ignored for this session
console.info: MINT: Loading search-config defaults.
JavaScript error: resource://gre/modules/TelemetryUtils.jsm, line 161: TypeError: date is undefined
1606059764391	Marionette	INFO	Stopped listening on port 46459
1606059768122	geckodriver	INFO	Listening on 127.0.0.1:44825
1606059768127	mozrunner::runner	INFO	Running command: "/usr/bin/firefox" "--marionette" "-foreground" "-no-remote" "-profile" "/tmp/rust_mozprofileWF0zMY"
console.info: MINT: Trying to use the system region (based on LANG).
console.info: MINT: System region is US
console.warn: SearchSettings: "get: No settings file exists, new profile?" (new Error("", "(unknown module)"))
1606059771919	Marionette	INFO	Listening on port 42737
1606059771973	Marionette	WARN	TLS certificate errors will be ignored for this session
1606059772047	Marionette	INFO	Stopped listening on port 42737
JavaScript error: resource://activity-stream/lib/ActivityStreamPrefs.jsm, line 27: NS_ERROR_ILLEGAL_VALUE: Component returned failure code: 0x80070057 (NS_ERROR_ILLEGAL_VALUE) [nsIPrefBranch.removeObserver]
JavaScript error: resource://gre/modules/JSONFile.jsm, line 196: Error: Data is not ready.
console.log: "RemoteSettingsWorker error: Error: Can't import when we've started shutting down."
JavaScript error: resource://activity-stream/lib/PlacesFeed.jsm, line 198: NS_ERROR_UNEXPECTED: Component returned failure code: 0x8000ffff (NS_ERROR_UNEXPECTED) [nsINavHistoryService.addObserver]
JavaScript error: resource://gre/modules/ExtensionSettingsStore.jsm, line 123: Error: The ExtensionSettingsStore was accessed before the initialize promise resolved.
console.log: "RemoteSettingsWorker error: Error: Can't import when we've started shutting down."
console.log: "RemoteSettingsWorker error: Error: Can't import when we've started shutting down."
console.log: "RemoteSettingsWorker error: Error: Can't import when we've started shutting down."
console.info: MINT: Loading search-config defaults.
console.error: SearchService: "_init: failure initializing search:" (void 0)
JavaScript error: , line 0: uncaught exception: 2147500037
JavaScript error: resource://gre/modules/SearchService.jsm, line 207: NS_ERROR_FAILURE: SearchService previously failed to initialize
JavaScript error: , line 0: uncaught exception: 2147500037
JavaScript error: , line 0: uncaught exception: 2147500037
JavaScript error: , line 0: uncaught exception: 2147500037
JavaScript error: , line 0: uncaught exception: 2147500037
JavaScript error: , line 0: uncaught exception: 2147500037
console.error: SearchSettings: "_write: Could not write to settings file:" (new Error("cannot write without any engine.", "resource://gre/modules/SearchSettings.jsm", 211))
console.error: PushService: 
  clearOriginData: Error clearing origin data:
  UnknownError
console.error: PushService: 
  stateChangeProcessEnqueue: Error transitioning state
  UnknownError
1606060487721	geckodriver	INFO	Listening on 127.0.0.1:52867
1606060487728	mozrunner::runner	INFO	Running command: "/usr/bin/firefox" "--marionette" "-foreground" "-no-remote" "-profile" "/tmp/rust_mozprofile7Okpyi"
console.info: MINT: Trying to use the system region (based on LANG).
console.info: MINT: System region is US
console.warn: SearchSettings: "get: No settings file exists, new profile?" (new Error("", "(unknown module)"))
1606060491576	Marionette	INFO	Listening on port 34255
1606060491665	Marionette	WARN	TLS certificate errors will be ignored for this session
console.info: MINT: Loading search-config defaults.
JavaScript error: resource://gre/modules/TelemetryUtils.jsm, line 161: TypeError: date is undefined
1606060495729	Marionette	INFO	Stopped listening on port 34255
1606060513430	geckodriver	INFO	Listening on 127.0.0.1:47241
1606060513435	mozrunner::runner	INFO	Running command: "/usr/bin/firefox" "--marionette" "-foreground" "-no-remote" "-profile" "/tmp/rust_mozprofiler7MAEq"
console.info: MINT: Trying to use the system region (based on LANG).
console.info: MINT: System region is US
console.warn: SearchSettings: "get: No settings file exists, new profile?" (new Error("", "(unknown module)"))
1606060517415	Marionette	INFO	Listening on port 42419
1606060517491	Marionette	WARN	TLS certificate errors will be ignored for this session
console.info: MINT: Loading search-config defaults.
JavaScript error: resource://gre/modules/TelemetryUtils.jsm, line 161: TypeError: date is undefined
console.info: MINT: main/search-config update being skipped
1606060984076	geckodriver	INFO	Listening on 127.0.0.1:50343
1606060984081	mozrunner::runner	INFO	Running command: "/usr/bin/firefox" "--marionette" "-foreground" "-no-remote" "-profile" "/tmp/rust_mozprofilelWOqAl"
console.info: MINT: Trying to use the system region (based on LANG).
console.info: MINT: System region is US
console.warn: SearchSettings: "get: No settings file exists, new profile?" (new Error("", "(unknown module)"))
1606060988523	Marionette	INFO	Listening on port 46477
1606060988621	Marionette	WARN	TLS certificate errors will be ignored for this session
IPDL protocol error: Handler returned error code!

###!!! [Parent][DispatchAsyncMessage] Error: PLayerTransaction::Msg_ReleaseLayer Processing error: message was deserialized, but the handler returned false (indicating failure)

IPDL protocol error: Handler returned error code!

###!!! [Parent][DispatchAsyncMessage] Error: PLayerTransaction::Msg_ReleaseLayer Processing error: message was deserialized, but the handler returned false (indicating failure)

1606060991901	Marionette	INFO	Stopped listening on port 42419
console.info: MINT: Loading search-config defaults.
JavaScript error: resource://gre/modules/TelemetryUtils.jsm, line 161: TypeError: date is undefined
1606061028667	Marionette	INFO	Stopped listening on port 46477
1606061032832	geckodriver	INFO	Listening on 127.0.0.1:54969
1606061032837	mozrunner::runner	INFO	Running command: "/usr/bin/firefox" "--marionette" "-foreground" "-no-remote" "-profile" "/tmp/rust_mozprofilefZe5Yz"
console.info: MINT: Trying to use the system region (based on LANG).
console.info: MINT: System region is US
console.warn: SearchSettings: "get: No settings file exists, new profile?" (new Error("", "(unknown module)"))
1606061036665	Marionette	INFO	Listening on port 41361
1606061036773	Marionette	WARN	TLS certificate errors will be ignored for this session
console.info: MINT: Loading search-config defaults.
JavaScript error: resource://gre/modules/TelemetryUtils.jsm, line 161: TypeError: date is undefined
1606061100434	geckodriver	INFO	Listening on 127.0.0.1:60517
1606061100439	mozrunner::runner	INFO	Running command: "/usr/bin/firefox" "--marionette" "-foreground" "-no-remote" "-profile" "/tmp/rust_mozprofileHJ4417"
console.info: MINT: Trying to use the system region (based on LANG).
console.info: MINT: System region is US
console.warn: SearchSettings: "get: No settings file exists, new profile?" (new Error("", "(unknown module)"))
1606061104346	Marionette	INFO	Listening on port 43699
1606061104378	Marionette	WARN	TLS certificate errors will be ignored for this session
JavaScript error: resource://activity-stream/lib/ActivityStreamPrefs.jsm, line 27: NS_ERROR_ILLEGAL_VALUE: Component returned failure code: 0x80070057 (NS_ERROR_ILLEGAL_VALUE) [nsIPrefBranch.removeObserver]
JavaScript error: resource://activity-stream/lib/PlacesFeed.jsm, line 200: NS_ERROR_XPC_GS_RETURNED_FAILURE: ServiceManager::GetService returned failure code:
JavaScript error: resource://gre/modules/ExtensionSettingsStore.jsm, line 123: Error: The ExtensionSettingsStore was accessed before the initialize promise resolved.
console.log: "RemoteSettingsWorker error: Error: Can't import when we've started shutting down."
console.log: "RemoteSettingsWorker error: Error: Can't import when we've started shutting down."
console.log: "RemoteSettingsWorker error: Error: Can't import when we've started shutting down."
console.log: "RemoteSettingsWorker error: Error: Can't import when we've started shutting down."
console.info: MINT: Loading search-config defaults.
console.error: SearchService: "_init: failure initializing search:" (void 0)
JavaScript error: , line 0: uncaught exception: 2147500037
JavaScript error: resource://gre/modules/SearchService.jsm, line 207: NS_ERROR_FAILURE: SearchService previously failed to initialize
JavaScript error: , line 0: uncaught exception: 2147500037
JavaScript error: , line 0: uncaught exception: 2147500037
JavaScript error: , line 0: uncaught exception: 2147500037
JavaScript error: , line 0: uncaught exception: 2147500037
console.error: PushService: 
  clearOriginData: Error clearing origin data:
  UnknownError
console.error: PushService: 
  stateChangeProcessEnqueue: Error transitioning state
  UnknownError
1606061107151	Marionette	INFO	Stopped listening on port 43699
console.error: SearchSettings: "_write: Could not write to settings file:" (new Error("cannot write without any engine.", "resource://gre/modules/SearchSettings.jsm", 211))
1606061107374	Marionette	INFO	Stopped listening on port 41361
1606061113119	geckodriver	INFO	Listening on 127.0.0.1:60653
1606061113124	mozrunner::runner	INFO	Running command: "/usr/bin/firefox" "--marionette" "-foreground" "-no-remote" "-profile" "/tmp/rust_mozprofilec1wYm2"
console.info: MINT: Trying to use the system region (based on LANG).
console.info: MINT: System region is US
console.warn: SearchSettings: "get: No settings file exists, new profile?" (new Error("", "(unknown module)"))
1606061116988	Marionette	INFO	Listening on port 44561
1606061117060	Marionette	WARN	TLS certificate errors will be ignored for this session
console.info: MINT: Loading search-config defaults.
JavaScript error: resource://gre/modules/TelemetryUtils.jsm, line 161: TypeError: date is undefined
console.info: MINT: main/search-config update being skipped
1606061462771	geckodriver	INFO	Listening on 127.0.0.1:56473
1606061462777	mozrunner::runner	INFO	Running command: "/usr/bin/firefox" "--marionette" "-foreground" "-no-remote" "-profile" "/tmp/rust_mozprofilettCHxp"
console.info: MINT: Trying to use the system region (based on LANG).
console.info: MINT: System region is US
console.warn: SearchSettings: "get: No settings file exists, new profile?" (new Error("", "(unknown module)"))
1606061466496	Marionette	INFO	Listening on port 45363
1606061466607	Marionette	WARN	TLS certificate errors will be ignored for this session
console.info: MINT: Loading search-config defaults.
JavaScript error: resource://gre/modules/TelemetryUtils.jsm, line 161: TypeError: date is undefined
1606061469857	Marionette	INFO	Stopped listening on port 44561
JavaScript error: https://curso-python-selenium.netlify.app/aula_03.html, line 1: ReferenceError: brython is not defined
console.info: MINT: main/search-config update being skipped
1606061996267	Marionette	INFO	Stopped listening on port 45363
1606062004509	geckodriver	INFO	Listening on 127.0.0.1:36255
1606062004515	mozrunner::runner	INFO	Running command: "/usr/bin/firefox" "--marionette" "-foreground" "-no-remote" "-profile" "/tmp/rust_mozprofileni5vG2"
console.info: MINT: Trying to use the system region (based on LANG).
console.info: MINT: System region is US
console.warn: SearchSettings: "get: No settings file exists, new profile?" (new Error("", "(unknown module)"))
1606062010580	Marionette	INFO	Listening on port 37401
1606062010649	Marionette	WARN	TLS certificate errors will be ignored for this session
console.info: MINT: Loading search-config defaults.
JavaScript error: resource://gre/modules/TelemetryUtils.jsm, line 161: TypeError: date is undefined
1606062028461	Marionette	INFO	Stopped listening on port 37401
1606062030117	geckodriver	INFO	Listening on 127.0.0.1:58693
1606062030122	mozrunner::runner	INFO	Running command: "/usr/bin/firefox" "--marionette" "-foreground" "-no-remote" "-profile" "/tmp/rust_mozprofile1sTduW"
console.info: MINT: Trying to use the system region (based on LANG).
console.info: MINT: System region is US
console.warn: SearchSettings: "get: No settings file exists, new profile?" (new Error("", "(unknown module)"))
1606062033997	Marionette	INFO	Listening on port 42243
1606062034077	Marionette	WARN	TLS certificate errors will be ignored for this session
console.info: MINT: Loading search-config defaults.
JavaScript error: resource://gre/modules/TelemetryUtils.jsm, line 161: TypeError: date is undefined
1606062066047	Marionette	INFO	Stopped listening on port 42243
1606062100283	geckodriver	INFO	Listening on 127.0.0.1:59591
1606062100289	mozrunner::runner	INFO	Running command: "/usr/bin/firefox" "--marionette" "-foreground" "-no-remote" "-profile" "/tmp/rust_mozprofileusjcfp"
console.info: MINT: Trying to use the system region (based on LANG).
console.info: MINT: System region is US
console.warn: SearchSettings: "get: No settings file exists, new profile?" (new Error("", "(unknown module)"))
1606062104181	Marionette	INFO	Listening on port 37917
1606062104253	Marionette	WARN	TLS certificate errors will be ignored for this session
console.info: MINT: Loading search-config defaults.
JavaScript error: resource://gre/modules/TelemetryUtils.jsm, line 161: TypeError: date is undefined
1606062180441	Marionette	INFO	Stopped listening on port 37917
1606062182819	geckodriver	INFO	Listening on 127.0.0.1:58551
1606062182825	mozrunner::runner	INFO	Running command: "/usr/bin/firefox" "--marionette" "-foreground" "-no-remote" "-profile" "/tmp/rust_mozprofile9CNlbu"
console.info: MINT: Trying to use the system region (based on LANG).
console.info: MINT: System region is US
console.warn: SearchSettings: "get: No settings file exists, new profile?" (new Error("", "(unknown module)"))
1606062186521	Marionette	INFO	Listening on port 35641
1606062186565	Marionette	WARN	TLS certificate errors will be ignored for this session
Exiting due to channel error.
Exiting due to channel error.
Exiting due to channel error.
1606062197464	geckodriver	INFO	Listening on 127.0.0.1:48589
1606062197470	mozrunner::runner	INFO	Running command: "/usr/bin/firefox" "--marionette" "-foreground" "-no-remote" "-profile" "/tmp/rust_mozprofileKUuw8r"
console.info: MINT: Trying to use the system region (based on LANG).
console.info: MINT: System region is US
console.warn: SearchSettings: "get: No settings file exists, new profile?" (new Error("", "(unknown module)"))
1606062201891	Marionette	INFO	Listening on port 46239
1606062202005	Marionette	WARN	TLS certificate errors will be ignored for this session
console.info: MINT: Loading search-config defaults.
JavaScript error: resource://gre/modules/TelemetryUtils.jsm, line 161: TypeError: date is undefined
1606062307523	Marionette	INFO	Stopped listening on port 46239
1606062319158	geckodriver	INFO	Listening on 127.0.0.1:34371
1606062319164	mozrunner::runner	INFO	Running command: "/usr/bin/firefox" "--marionette" "-foreground" "-no-remote" "-profile" "/tmp/rust_mozprofilemdYUzU"
console.info: MINT: Trying to use the system region (based on LANG).
console.info: MINT: System region is US
console.warn: SearchSettings: "get: No settings file exists, new profile?" (new Error("", "(unknown module)"))
1606062323039	Marionette	INFO	Listening on port 34955
1606062323112	Marionette	WARN	TLS certificate errors will be ignored for this session
console.info: MINT: Loading search-config defaults.
JavaScript error: resource://gre/modules/TelemetryUtils.jsm, line 161: TypeError: date is undefined
1606062364664	Marionette	INFO	Stopped listening on port 34955
1606062367667	geckodriver	INFO	Listening on 127.0.0.1:49427
1606062367673	mozrunner::runner	INFO	Running command: "/usr/bin/firefox" "--marionette" "-foreground" "-no-remote" "-profile" "/tmp/rust_mozprofilenmBwjK"
console.info: MINT: Trying to use the system region (based on LANG).
console.info: MINT: System region is US
console.warn: SearchSettings: "get: No settings file exists, new profile?" (new Error("", "(unknown module)"))
1606062371710	Marionette	INFO	Listening on port 34153
1606062371806	Marionette	WARN	TLS certificate errors will be ignored for this session
console.info: MINT: Loading search-config defaults.
JavaScript error: resource://gre/modules/TelemetryUtils.jsm, line 161: TypeError: date is undefined
1606062396500	Marionette	INFO	Stopped listening on port 34153
1606062398813	geckodriver	INFO	Listening on 127.0.0.1:58999
1606062398820	mozrunner::runner	INFO	Running command: "/usr/bin/firefox" "--marionette" "-foreground" "-no-remote" "-profile" "/tmp/rust_mozprofile34U3iJ"
console.info: MINT: Trying to use the system region (based on LANG).
console.info: MINT: System region is US
console.warn: SearchSettings: "get: No settings file exists, new profile?" (new Error("", "(unknown module)"))
1606062402545	Marionette	INFO	Listening on port 39719
1606062402653	Marionette	WARN	TLS certificate errors will be ignored for this session
console.info: MINT: Loading search-config defaults.
JavaScript error: resource://gre/modules/TelemetryUtils.jsm, line 161: TypeError: date is undefined
1606062453169	Marionette	INFO	Stopped listening on port 39719
1606062576526	geckodriver	INFO	Listening on 127.0.0.1:44103
1606062576532	mozrunner::runner	INFO	Running command: "/usr/bin/firefox" "--marionette" "-foreground" "-no-remote" "-profile" "/tmp/rust_mozprofile7ET5Mx"
console.info: MINT: Trying to use the system region (based on LANG).
console.info: MINT: System region is US
console.warn: SearchSettings: "get: No settings file exists, new profile?" (new Error("", "(unknown module)"))
1606062580408	Marionette	INFO	Listening on port 40687
1606062580482	Marionette	WARN	TLS certificate errors will be ignored for this session
console.info: MINT: Loading search-config defaults.
JavaScript error: resource://gre/modules/TelemetryUtils.jsm, line 161: TypeError: date is undefined
console.info: MINT: main/search-config update being skipped
[GFX1-]: Receive IPC close with reason=AbnormalShutdown
Exiting due to channel error.
Exiting due to channel error.
Exiting due to channel error.
1606062960506	geckodriver	INFO	Listening on 127.0.0.1:44045
1606062960511	mozrunner::runner	INFO	Running command: "/usr/bin/firefox" "--marionette" "-foreground" "-no-remote" "-profile" "/tmp/rust_mozprofilesC6KDm"
console.info: MINT: Trying to use the system region (based on LANG).
console.info: MINT: System region is US
console.warn: SearchSettings: "get: No settings file exists, new profile?" (new Error("", "(unknown module)"))
1606062964204	Marionette	INFO	Listening on port 34001
1606062964254	Marionette	WARN	TLS certificate errors will be ignored for this session
console.info: MINT: Loading search-config defaults.
JavaScript error: resource://gre/modules/TelemetryUtils.jsm, line 161: TypeError: date is undefined
1606062984236	geckodriver	INFO	Listening on 127.0.0.1:44745
1606062984241	mozrunner::runner	INFO	Running command: "/usr/bin/firefox" "--marionette" "-foreground" "-no-remote" "-profile" "/tmp/rust_mozprofileu1P1wO"
console.info: MINT: Trying to use the system region (based on LANG).
console.info: MINT: System region is US
console.warn: SearchSettings: "get: No settings file exists, new profile?" (new Error("", "(unknown module)"))
1606062987922	Marionette	INFO	Listening on port 46303
1606062987975	Marionette	WARN	TLS certificate errors will be ignored for this session
console.info: MINT: Loading search-config defaults.
JavaScript error: resource://gre/modules/TelemetryUtils.jsm, line 161: TypeError: date is undefined
1606062997205	Marionette	INFO	Stopped listening on port 46303
1606062997805	Marionette	INFO	Stopped listening on port 34001
1606063151909	geckodriver	INFO	Listening on 127.0.0.1:40189
1606063151914	mozrunner::runner	INFO	Running command: "/usr/bin/firefox" "--marionette" "-foreground" "-no-remote" "-profile" "/tmp/rust_mozprofile1nvdcT"
console.info: MINT: Trying to use the system region (based on LANG).
console.info: MINT: System region is US
console.warn: SearchSettings: "get: No settings file exists, new profile?" (new Error("", "(unknown module)"))
1606063155609	Marionette	INFO	Listening on port 41767
1606063155649	Marionette	WARN	TLS certificate errors will be ignored for this session
console.info: MINT: Loading search-config defaults.
JavaScript error: resource://gre/modules/TelemetryUtils.jsm, line 161: TypeError: date is undefined
1606063161300	Marionette	INFO	Stopped listening on port 41767
JavaScript error: resource://gre/modules/UrlClassifierListManager.jsm, line 691: TypeError: this.tablesData[table] is undefined
1606063695457	geckodriver	INFO	Listening on 127.0.0.1:36065
1606063695463	mozrunner::runner	INFO	Running command: "/usr/bin/firefox" "--marionette" "-foreground" "-no-remote" "-profile" "/tmp/rust_mozprofilepNxZM6"
console.info: MINT: Trying to use the system region (based on LANG).
console.info: MINT: System region is US
console.warn: SearchSettings: "get: No settings file exists, new profile?" (new Error("", "(unknown module)"))
1606063699635	Marionette	INFO	Listening on port 45651
1606063699717	Marionette	WARN	TLS certificate errors will be ignored for this session
console.info: MINT: Loading search-config defaults.
JavaScript error: resource://gre/modules/TelemetryUtils.jsm, line 161: TypeError: date is undefined
1606063705497	Marionette	INFO	Stopped listening on port 45651
JavaScript error: resource://gre/modules/UrlClassifierListManager.jsm, line 691: TypeError: this.tablesData[table] is undefined
1606063814996	geckodriver	INFO	Listening on 127.0.0.1:57469
1606063815002	mozrunner::runner	INFO	Running command: "/usr/bin/firefox" "--marionette" "-foreground" "-no-remote" "-profile" "/tmp/rust_mozprofilem9PEb3"
console.info: MINT: Trying to use the system region (based on LANG).
console.info: MINT: System region is US
console.warn: SearchSettings: "get: No settings file exists, new profile?" (new Error("", "(unknown module)"))
1606063819056	Marionette	INFO	Listening on port 44227
1606063819144	Marionette	WARN	TLS certificate errors will be ignored for this session
console.info: MINT: Loading search-config defaults.
JavaScript error: resource://gre/modules/TelemetryUtils.jsm, line 161: TypeError: date is undefined
1606063826249	Marionette	INFO	Stopped listening on port 44227
1606842162648	geckodriver	INFO	Listening on 127.0.0.1:46351
1606842162666	mozrunner::runner	INFO	Running command: "/usr/bin/firefox" "--marionette" "-foreground" "-no-remote" "-profile" "/tmp/rust_mozprofilegWpoWu"
console.info: MINT: Trying to use the system region (based on LANG).
console.info: MINT: System region is US
console.warn: SearchSettings: "get: No settings file exists, new profile?" (new Error("", "(unknown module)"))
1606842166868	Marionette	INFO	Listening on port 40231
1606842166921	Marionette	WARN	TLS certificate errors will be ignored for this session
console.info: MINT: Loading search-config defaults.
JavaScript error: resource://gre/modules/TelemetryUtils.jsm, line 161: TypeError: date is undefined
JavaScript warning: https://www.dataunion.com.br/45c4182f-ea0e-41ab-9319-e5ab1717f558, line 1: WebGL context was lost.
JavaScript warning: https://www.dataunion.com.br/45c4182f-ea0e-41ab-9319-e5ab1717f558, line 1: WebGL context was lost.
JavaScript warning: https://www.dataunion.com.br/45c4182f-ea0e-41ab-9319-e5ab1717f558, line 1: WebGL context was lost.
JavaScript warning: https://www.dataunion.com.br/45c4182f-ea0e-41ab-9319-e5ab1717f558, line 1: WebGL context was lost.
JavaScript warning: https://www.dataunion.com.br/45c4182f-ea0e-41ab-9319-e5ab1717f558, line 1: WebGL context was lost.
JavaScript warning: https://www.dataunion.com.br/45c4182f-ea0e-41ab-9319-e5ab1717f558, line 1: WebGL context was lost.
JavaScript warning: https://www.dataunion.com.br/45c4182f-ea0e-41ab-9319-e5ab1717f558, line 1: WebGL context was lost.
JavaScript warning: https://www.dataunion.com.br/45c4182f-ea0e-41ab-9319-e5ab1717f558, line 1: WebGL context was lost.
JavaScript warning: https://www.dataunion.com.br/45c4182f-ea0e-41ab-9319-e5ab1717f558, line 1: WebGL context was lost.
JavaScript warning: https://www.dataunion.com.br/45c4182f-ea0e-41ab-9319-e5ab1717f558, line 1: WebGL context was lost.
JavaScript warning: https://www.dataunion.com.br/45c4182f-ea0e-41ab-9319-e5ab1717f558, line 1: WebGL context was lost.
JavaScript warning: https://www.dataunion.com.br/45c4182f-ea0e-41ab-9319-e5ab1717f558, line 1: WebGL context was lost.
1606842220650	geckodriver	INFO	Listening on 127.0.0.1:45057
1606842220656	mozrunner::runner	INFO	Running command: "/usr/bin/firefox" "--marionette" "-foreground" "-no-remote" "-profile" "/tmp/rust_mozprofileu6F1nY"
console.info: MINT: Trying to use the system region (based on LANG).
console.info: MINT: System region is US
console.warn: SearchSettings: "get: No settings file exists, new profile?" (new Error("", "(unknown module)"))
1606842225020	Marionette	INFO	Listening on port 46175
1606842225096	Marionette	WARN	TLS certificate errors will be ignored for this session
1606842225346	Marionette	INFO	Stopped listening on port 40231
console.info: MINT: Loading search-config defaults.
JavaScript error: resource://gre/modules/TelemetryUtils.jsm, line 161: TypeError: date is undefined
JavaScript warning: https://www.dataunion.com.br/45c4182f-ea0e-41ab-9319-e5ab1717f558, line 1: WebGL context was lost.
JavaScript warning: https://www.dataunion.com.br/45c4182f-ea0e-41ab-9319-e5ab1717f558, line 1: WebGL context was lost.
JavaScript warning: https://www.dataunion.com.br/45c4182f-ea0e-41ab-9319-e5ab1717f558, line 1: WebGL context was lost.
JavaScript warning: https://www.dataunion.com.br/45c4182f-ea0e-41ab-9319-e5ab1717f558, line 1: WebGL context was lost.
IPDL protocol error: Handler returned error code!

###!!! [Parent][DispatchAsyncMessage] Error: PLayerTransaction::Msg_ReleaseLayer Processing error: message was deserialized, but the handler returned false (indicating failure)

IPDL protocol error: Handler returned error code!

###!!! [Parent][DispatchAsyncMessage] Error: PLayerTransaction::Msg_ReleaseLayer Processing error: message was deserialized, but the handler returned false (indicating failure)

IPDL protocol error: Handler returned error code!

###!!! [Parent][DispatchAsyncMessage] Error: PLayerTransaction::Msg_ReleaseLayer Processing error: message was deserialized, but the handler returned false (indicating failure)

IPDL protocol error: Handler returned error code!

###!!! [Parent][DispatchAsyncMessage] Error: PLayerTransaction::Msg_ReleaseLayer Processing error: message was deserialized, but the handler returned false (indicating failure)

IPDL protocol error: Handler returned error code!

###!!! [Parent][DispatchAsyncMessage] Error: PLayerTransaction::Msg_ReleaseLayer Processing error: message was deserialized, but the handler returned false (indicating failure)

IPDL protocol error: Handler returned error code!

###!!! [Parent][DispatchAsyncMessage] Error: PLayerTransaction::Msg_ReleaseLayer Processing error: message was deserialized, but the handler returned false (indicating failure)

IPDL protocol error: Handler returned error code!

###!!! [Parent][DispatchAsyncMessage] Error: PLayerTransaction::Msg_ReleaseLayer Processing error: message was deserialized, but the handler returned false (indicating failure)

IPDL protocol error: Handler returned error code!

###!!! [Parent][DispatchAsyncMessage] Error: PLayerTransaction::Msg_ReleaseLayer Processing error: message was deserialized, but the handler returned false (indicating failure)

IPDL protocol error: Handler returned error code!

###!!! [Parent][DispatchAsyncMessage] Error: PLayerTransaction::Msg_ReleaseLayer Processing error: message was deserialized, but the handler returned false (indicating failure)

IPDL protocol error: Handler returned error code!

###!!! [Parent][DispatchAsyncMessage] Error: PLayerTransaction::Msg_ReleaseLayer Processing error: message was deserialized, but the handler returned false (indicating failure)

IPDL protocol error: Handler returned error code!

###!!! [Parent][DispatchAsyncMessage] Error: PLayerTransaction::Msg_ReleaseLayer Processing error: message was deserialized, but the handler returned false (indicating failure)

IPDL protocol error: Handler returned error code!

###!!! [Parent][DispatchAsyncMessage] Error: PLayerTransaction::Msg_ReleaseLayer Processing error: message was deserialized, but the handler returned false (indicating failure)

IPDL protocol error: Handler returned error code!

###!!! [Parent][DispatchAsyncMessage] Error: PLayerTransaction::Msg_ReleaseLayer Processing error: message was deserialized, but the handler returned false (indicating failure)

IPDL protocol error: Handler returned error code!

###!!! [Parent][DispatchAsyncMessage] Error: PLayerTransaction::Msg_ReleaseLayer Processing error: message was deserialized, but the handler returned false (indicating failure)

1606842304894	Marionette	INFO	Stopped listening on port 46175
1606842310762	geckodriver	INFO	Listening on 127.0.0.1:58011
1606842310767	mozrunner::runner	INFO	Running command: "/usr/bin/firefox" "--marionette" "-foreground" "-no-remote" "-profile" "/tmp/rust_mozprofilerhymMC"
console.info: MINT: Trying to use the system region (based on LANG).
console.info: MINT: System region is US
console.warn: SearchSettings: "get: No settings file exists, new profile?" (new Error("", "(unknown module)"))
1606842314794	Marionette	INFO	Listening on port 45933
1606842314908	Marionette	WARN	TLS certificate errors will be ignored for this session
console.info: MINT: Loading search-config defaults.
JavaScript error: resource://gre/modules/TelemetryUtils.jsm, line 161: TypeError: date is undefined
JavaScript warning: https://www.dataunion.com.br/45c4182f-ea0e-41ab-9319-e5ab1717f558, line 1: WebGL context was lost.
JavaScript warning: https://www.dataunion.com.br/45c4182f-ea0e-41ab-9319-e5ab1717f558, line 1: WebGL context was lost.
JavaScript warning: https://www.dataunion.com.br/45c4182f-ea0e-41ab-9319-e5ab1717f558, line 1: WebGL context was lost.
JavaScript warning: https://www.dataunion.com.br/45c4182f-ea0e-41ab-9319-e5ab1717f558, line 1: WebGL context was lost.
console.info: MINT: main/search-config update being skipped
IPDL protocol error: Handler returned error code!

###!!! [Parent][DispatchAsyncMessage] Error: PLayerTransaction::Msg_ReleaseLayer Processing error: message was deserialized, but the handler returned false (indicating failure)

IPDL protocol error: Handler returned error code!

###!!! [Parent][DispatchAsyncMessage] Error: PLayerTransaction::Msg_ReleaseLayer Processing error: message was deserialized, but the handler returned false (indicating failure)

IPDL protocol error: Handler returned error code!

###!!! [Parent][DispatchAsyncMessage] Error: PLayerTransaction::Msg_ReleaseLayer Processing error: message was deserialized, but the handler returned false (indicating failure)

IPDL protocol error: Handler returned error code!

###!!! [Parent][DispatchAsyncMessage] Error: PLayerTransaction::Msg_ReleaseLayer Processing error: message was deserialized, but the handler returned false (indicating failure)

IPDL protocol error: Handler returned error code!

###!!! [Parent][DispatchAsyncMessage] Error: PLayerTransaction::Msg_ReleaseLayer Processing error: message was deserialized, but the handler returned false (indicating failure)

IPDL protocol error: Handler returned error code!

###!!! [Parent][DispatchAsyncMessage] Error: PLayerTransaction::Msg_ReleaseLayer Processing error: message was deserialized, but the handler returned false (indicating failure)

IPDL protocol error: Handler returned error code!

###!!! [Parent][DispatchAsyncMessage] Error: PLayerTransaction::Msg_ReleaseLayer Processing error: message was deserialized, but the handler returned false (indicating failure)

IPDL protocol error: Handler returned error code!

###!!! [Parent][DispatchAsyncMessage] Error: PLayerTransaction::Msg_ReleaseLayer Processing error: message was deserialized, but the handler returned false (indicating failure)

1606842795764	Marionette	INFO	Stopped listening on port 45933
1606842804938	geckodriver	INFO	Listening on 127.0.0.1:41119
1606842804945	mozrunner::runner	INFO	Running command: "/usr/bin/firefox" "--marionette" "-foreground" "-no-remote" "-profile" "/tmp/rust_mozprofileNgXLZ5"
console.info: MINT: Trying to use the system region (based on LANG).
console.info: MINT: System region is US
console.warn: SearchSettings: "get: No settings file exists, new profile?" (new Error("", "(unknown module)"))
1606842808741	Marionette	INFO	Listening on port 38543
1606842808783	Marionette	WARN	TLS certificate errors will be ignored for this session
console.info: MINT: Loading search-config defaults.
JavaScript error: resource://gre/modules/TelemetryUtils.jsm, line 161: TypeError: date is undefined
JavaScript warning: https://www.dataunion.com.br/45c4182f-ea0e-41ab-9319-e5ab1717f558, line 1: WebGL context was lost.
JavaScript warning: https://www.dataunion.com.br/45c4182f-ea0e-41ab-9319-e5ab1717f558, line 1: WebGL context was lost.
JavaScript warning: https://www.dataunion.com.br/45c4182f-ea0e-41ab-9319-e5ab1717f558, line 1: WebGL context was lost.
JavaScript warning: https://www.dataunion.com.br/45c4182f-ea0e-41ab-9319-e5ab1717f558, line 1: WebGL context was lost.
1606842817399	Marionette	INFO	Stopped listening on port 38543
1606842847597	geckodriver	INFO	Listening on 127.0.0.1:56545
1606842847602	mozrunner::runner	INFO	Running command: "/usr/bin/firefox" "--marionette" "-foreground" "-no-remote" "-profile" "/tmp/rust_mozprofiledSXOw1"
console.info: MINT: Trying to use the system region (based on LANG).
console.info: MINT: System region is US
console.warn: SearchSettings: "get: No settings file exists, new profile?" (new Error("", "(unknown module)"))
1606842851357	Marionette	INFO	Listening on port 43097
1606842851439	Marionette	WARN	TLS certificate errors will be ignored for this session
console.info: MINT: Loading search-config defaults.
JavaScript error: resource://gre/modules/TelemetryUtils.jsm, line 161: TypeError: date is undefined
JavaScript warning: https://www.dataunion.com.br/45c4182f-ea0e-41ab-9319-e5ab1717f558, line 1: WebGL context was lost.
JavaScript warning: https://www.dataunion.com.br/45c4182f-ea0e-41ab-9319-e5ab1717f558, line 1: WebGL context was lost.
JavaScript warning: https://www.dataunion.com.br/45c4182f-ea0e-41ab-9319-e5ab1717f558, line 1: WebGL context was lost.
JavaScript warning: https://www.dataunion.com.br/45c4182f-ea0e-41ab-9319-e5ab1717f558, line 1: WebGL context was lost.
1606842955417	Marionette	INFO	Stopped listening on port 43097
1606842957029	geckodriver	INFO	Listening on 127.0.0.1:58793
1606842957035	mozrunner::runner	INFO	Running command: "/usr/bin/firefox" "--marionette" "-foreground" "-no-remote" "-profile" "/tmp/rust_mozprofilefB93dS"
console.info: MINT: Trying to use the system region (based on LANG).
console.info: MINT: System region is US
console.warn: SearchSettings: "get: No settings file exists, new profile?" (new Error("", "(unknown module)"))
1606842960775	Marionette	INFO	Listening on port 41237
1606842960873	Marionette	WARN	TLS certificate errors will be ignored for this session
console.info: MINT: Loading search-config defaults.
JavaScript error: resource://gre/modules/TelemetryUtils.jsm, line 161: TypeError: date is undefined
JavaScript warning: https://www.dataunion.com.br/45c4182f-ea0e-41ab-9319-e5ab1717f558, line 1: WebGL context was lost.
JavaScript warning: https://www.dataunion.com.br/45c4182f-ea0e-41ab-9319-e5ab1717f558, line 1: WebGL context was lost.
JavaScript warning: https://www.dataunion.com.br/45c4182f-ea0e-41ab-9319-e5ab1717f558, line 1: WebGL context was lost.
JavaScript warning: https://www.dataunion.com.br/45c4182f-ea0e-41ab-9319-e5ab1717f558, line 1: WebGL context was lost.
1606842969264	Marionette	INFO	Stopped listening on port 41237
1606842993297	geckodriver	INFO	Listening on 127.0.0.1:38971
1606842993302	mozrunner::runner	INFO	Running command: "/usr/bin/firefox" "--marionette" "-foreground" "-no-remote" "-profile" "/tmp/rust_mozprofileN7c7VK"
console.info: MINT: Trying to use the system region (based on LANG).
console.info: MINT: System region is US
console.warn: SearchSettings: "get: No settings file exists, new profile?" (new Error("", "(unknown module)"))
1606842997542	Marionette	INFO	Listening on port 42775
1606842997638	Marionette	WARN	TLS certificate errors will be ignored for this session
console.info: MINT: Loading search-config defaults.
JavaScript error: resource://gre/modules/TelemetryUtils.jsm, line 161: TypeError: date is undefined
JavaScript warning: https://www.dataunion.com.br/45c4182f-ea0e-41ab-9319-e5ab1717f558, line 1: WebGL context was lost.
JavaScript warning: https://www.dataunion.com.br/45c4182f-ea0e-41ab-9319-e5ab1717f558, line 1: WebGL context was lost.
JavaScript warning: https://www.dataunion.com.br/45c4182f-ea0e-41ab-9319-e5ab1717f558, line 1: WebGL context was lost.
JavaScript warning: https://www.dataunion.com.br/45c4182f-ea0e-41ab-9319-e5ab1717f558, line 1: WebGL context was lost.
1606843049368	geckodriver	INFO	Listening on 127.0.0.1:43417
1606843049373	mozrunner::runner	INFO	Running command: "/usr/bin/firefox" "--marionette" "-foreground" "-no-remote" "-profile" "/tmp/rust_mozprofiled6Kx1F"
console.info: MINT: Trying to use the system region (based on LANG).
console.info: MINT: System region is US
console.warn: SearchSettings: "get: No settings file exists, new profile?" (new Error("", "(unknown module)"))
1606843053266	Marionette	INFO	Listening on port 46381
1606843053303	Marionette	WARN	TLS certificate errors will be ignored for this session
console.info: MINT: Loading search-config defaults.
JavaScript error: resource://gre/modules/TelemetryUtils.jsm, line 161: TypeError: date is undefined
JavaScript warning: https://www.dataunion.com.br/45c4182f-ea0e-41ab-9319-e5ab1717f558, line 1: WebGL context was lost.
JavaScript warning: https://www.dataunion.com.br/45c4182f-ea0e-41ab-9319-e5ab1717f558, line 1: WebGL context was lost.
JavaScript warning: https://www.dataunion.com.br/45c4182f-ea0e-41ab-9319-e5ab1717f558, line 1: WebGL context was lost.
JavaScript warning: https://www.dataunion.com.br/45c4182f-ea0e-41ab-9319-e5ab1717f558, line 1: WebGL context was lost.
1606843062764	Marionette	INFO	Stopped listening on port 46381
1606843063671	Marionette	INFO	Stopped listening on port 42775
1606843155151	geckodriver	INFO	Listening on 127.0.0.1:36411
1606843155156	mozrunner::runner	INFO	Running command: "/usr/bin/firefox" "--marionette" "-foreground" "-no-remote" "-profile" "/tmp/rust_mozprofilenBm5Tp"
console.info: MINT: Trying to use the system region (based on LANG).
console.info: MINT: System region is US
console.warn: SearchSettings: "get: No settings file exists, new profile?" (new Error("", "(unknown module)"))
1606843158821	Marionette	INFO	Listening on port 33277
1606843158893	Marionette	WARN	TLS certificate errors will be ignored for this session
console.info: MINT: Loading search-config defaults.
JavaScript error: resource://gre/modules/TelemetryUtils.jsm, line 161: TypeError: date is undefined
JavaScript warning: https://www.dataunion.com.br/45c4182f-ea0e-41ab-9319-e5ab1717f558, line 1: WebGL context was lost.
JavaScript warning: https://www.dataunion.com.br/45c4182f-ea0e-41ab-9319-e5ab1717f558, line 1: WebGL context was lost.
JavaScript warning: https://www.dataunion.com.br/45c4182f-ea0e-41ab-9319-e5ab1717f558, line 1: WebGL context was lost.
JavaScript warning: https://www.dataunion.com.br/45c4182f-ea0e-41ab-9319-e5ab1717f558, line 1: WebGL context was lost.
console.error: (new TypeError("store is null", "resource://devtools/client/webconsole/webconsole-wrapper.js", 220))
TypeError: store is null: dispatchSplitConsoleCloseButtonToggle@resource://devtools/client/webconsole/webconsole-wrapper.js:220:5
_onChangeSplitConsoleState@resource://devtools/client/webconsole/webconsole-ui.js:648:18
_emit@resource://devtools/shared/event-emitter.js:226:34
emit@resource://devtools/shared/event-emitter.js:172:18
emit@resource://devtools/shared/event-emitter.js:324:18
closeSplitConsole@resource://devtools/client/framework/toolbox.js:2821:10
toggleSplitConsole@resource://devtools/client/framework/toolbox.js:2839:16
_splitConsoleOnKeypress@resource://devtools/client/framework/toolbox.js:1541:12

IPDL protocol error: Handler returned error code!

###!!! [Parent][DispatchAsyncMessage] Error: PLayerTransaction::Msg_ReleaseLayer Processing error: message was deserialized, but the handler returned false (indicating failure)

IPDL protocol error: Handler returned error code!

###!!! [Parent][DispatchAsyncMessage] Error: PLayerTransaction::Msg_ReleaseLayer Processing error: message was deserialized, but the handler returned false (indicating failure)

IPDL protocol error: Handler returned error code!

###!!! [Parent][DispatchAsyncMessage] Error: PLayerTransaction::Msg_ReleaseLayer Processing error: message was deserialized, but the handler returned false (indicating failure)

IPDL protocol error: Handler returned error code!

###!!! [Parent][DispatchAsyncMessage] Error: PLayerTransaction::Msg_ReleaseLayer Processing error: message was deserialized, but the handler returned false (indicating failure)

IPDL protocol error: Handler returned error code!

###!!! [Parent][DispatchAsyncMessage] Error: PLayerTransaction::Msg_ReleaseLayer Processing error: message was deserialized, but the handler returned false (indicating failure)

IPDL protocol error: Handler returned error code!

###!!! [Parent][DispatchAsyncMessage] Error: PLayerTransaction::Msg_ReleaseLayer Processing error: message was deserialized, but the handler returned false (indicating failure)

IPDL protocol error: Handler returned error code!

###!!! [Parent][DispatchAsyncMessage] Error: PLayerTransaction::Msg_ReleaseLayer Processing error: message was deserialized, but the handler returned false (indicating failure)

IPDL protocol error: Handler returned error code!

###!!! [Parent][DispatchAsyncMessage] Error: PLayerTransaction::Msg_ReleaseLayer Processing error: message was deserialized, but the handler returned false (indicating failure)

IPDL protocol error: Handler returned error code!

###!!! [Parent][DispatchAsyncMessage] Error: PLayerTransaction::Msg_ReleaseLayer Processing error: message was deserialized, but the handler returned false (indicating failure)

IPDL protocol error: Handler returned error code!

###!!! [Parent][DispatchAsyncMessage] Error: PLayerTransaction::Msg_ReleaseLayer Processing error: message was deserialized, but the handler returned false (indicating failure)

IPDL protocol error: Handler returned error code!

###!!! [Parent][DispatchAsyncMessage] Error: PLayerTransaction::Msg_ReleaseLayer Processing error: message was deserialized, but the handler returned false (indicating failure)

IPDL protocol error: Handler returned error code!

###!!! [Parent][DispatchAsyncMessage] Error: PLayerTransaction::Msg_ReleaseLayer Processing error: message was deserialized, but the handler returned false (indicating failure)

IPDL protocol error: Handler returned error code!

###!!! [Parent][DispatchAsyncMessage] Error: PLayerTransaction::Msg_ReleaseLayer Processing error: message was deserialized, but the handler returned false (indicating failure)

IPDL protocol error: Handler returned error code!

###!!! [Parent][DispatchAsyncMessage] Error: PLayerTransaction::Msg_ReleaseLayer Processing error: message was deserialized, but the handler returned false (indicating failure)

1606843409427	Marionette	INFO	Stopped listening on port 33277
1606843413902	geckodriver	INFO	Listening on 127.0.0.1:51913
1606843413906	mozrunner::runner	INFO	Running command: "/usr/bin/firefox" "--marionette" "-foreground" "-no-remote" "-profile" "/tmp/rust_mozprofilewPptsN"
console.info: MINT: Trying to use the system region (based on LANG).
console.info: MINT: System region is US
console.warn: SearchSettings: "get: No settings file exists, new profile?" (new Error("", "(unknown module)"))
1606843417689	Marionette	INFO	Listening on port 34793
1606843417747	Marionette	WARN	TLS certificate errors will be ignored for this session
console.info: MINT: Loading search-config defaults.
JavaScript error: resource://gre/modules/TelemetryUtils.jsm, line 161: TypeError: date is undefined
JavaScript warning: https://www.dataunion.com.br/45c4182f-ea0e-41ab-9319-e5ab1717f558, line 1: WebGL context was lost.
JavaScript warning: https://www.dataunion.com.br/45c4182f-ea0e-41ab-9319-e5ab1717f558, line 1: WebGL context was lost.
JavaScript warning: https://www.dataunion.com.br/45c4182f-ea0e-41ab-9319-e5ab1717f558, line 1: WebGL context was lost.
JavaScript warning: https://www.dataunion.com.br/45c4182f-ea0e-41ab-9319-e5ab1717f558, line 1: WebGL context was lost.
JavaScript warning: https://www.dataunion.com.br/45c4182f-ea0e-41ab-9319-e5ab1717f558, line 1: WebGL context was lost.
JavaScript warning: https://www.dataunion.com.br/45c4182f-ea0e-41ab-9319-e5ab1717f558, line 1: WebGL context was lost.
JavaScript warning: https://www.dataunion.com.br/45c4182f-ea0e-41ab-9319-e5ab1717f558, line 1: WebGL context was lost.
JavaScript warning: https://www.dataunion.com.br/45c4182f-ea0e-41ab-9319-e5ab1717f558, line 1: WebGL context was lost.
1606843435146	Marionette	INFO	Stopped listening on port 34793
