1606845746909	geckodriver	INFO	Listening on 127.0.0.1:51353
1606845746959	mozrunner::runner	INFO	Running command: "/usr/bin/firefox" "--marionette" "-foreground" "-no-remote" "-profile" "/tmp/rust_mozprofileUoQw6J"
console.info: MINT: Trying to use the system region (based on LANG).
console.info: MINT: System region is US
console.warn: SearchSettings: "get: No settings file exists, new profile?" (new Error("", "(unknown module)"))
1606845753070	Marionette	INFO	Listening on port 41529
1606845753183	Marionette	WARN	TLS certificate errors will be ignored for this session
console.info: MINT: Loading search-config defaults.
JavaScript error: resource://gre/modules/TelemetryUtils.jsm, line 161: TypeError: date is undefined
JavaScript warning: https://www.dataunion.com.br/45c4182f-ea0e-41ab-9319-e5ab1717f558, line 1: WebGL context was lost.
JavaScript warning: https://www.dataunion.com.br/45c4182f-ea0e-41ab-9319-e5ab1717f558, line 1: WebGL context was lost.
JavaScript warning: https://www.dataunion.com.br/45c4182f-ea0e-41ab-9319-e5ab1717f558, line 1: WebGL context was lost.
JavaScript warning: https://www.dataunion.com.br/45c4182f-ea0e-41ab-9319-e5ab1717f558, line 1: WebGL context was lost.
1606845854234	Marionette	INFO	Stopped listening on port 41529
1606846222450	geckodriver	INFO	Listening on 127.0.0.1:42969
1606846222455	mozrunner::runner	INFO	Running command: "/usr/bin/firefox" "--marionette" "-foreground" "-no-remote" "-profile" "/tmp/rust_mozprofiledW1cFA"
console.info: MINT: Trying to use the system region (based on LANG).
console.info: MINT: System region is US
console.warn: SearchSettings: "get: No settings file exists, new profile?" (new Error("", "(unknown module)"))
1606846226483	Marionette	INFO	Listening on port 44465
1606846226590	Marionette	WARN	TLS certificate errors will be ignored for this session
console.info: MINT: Loading search-config defaults.
JavaScript error: resource://gre/modules/TelemetryUtils.jsm, line 161: TypeError: date is undefined
JavaScript warning: https://www.dataunion.com.br/45c4182f-ea0e-41ab-9319-e5ab1717f558, line 1: WebGL context was lost.
JavaScript warning: https://www.dataunion.com.br/45c4182f-ea0e-41ab-9319-e5ab1717f558, line 1: WebGL context was lost.
JavaScript warning: https://www.dataunion.com.br/45c4182f-ea0e-41ab-9319-e5ab1717f558, line 1: WebGL context was lost.
JavaScript warning: https://www.dataunion.com.br/45c4182f-ea0e-41ab-9319-e5ab1717f558, line 1: WebGL context was lost.
1606846248348	Marionette	INFO	Stopped listening on port 44465
1606846299970	geckodriver	INFO	Listening on 127.0.0.1:57531
1606846299975	mozrunner::runner	INFO	Running command: "/usr/bin/firefox" "--marionette" "-foreground" "-no-remote" "-profile" "/tmp/rust_mozprofile3QPHka"
console.info: MINT: Trying to use the system region (based on LANG).
console.info: MINT: System region is US
console.warn: SearchSettings: "get: No settings file exists, new profile?" (new Error("", "(unknown module)"))
1606846304248	Marionette	INFO	Listening on port 45071
1606846304322	Marionette	WARN	TLS certificate errors will be ignored for this session
console.info: MINT: Loading search-config defaults.
JavaScript error: resource://gre/modules/TelemetryUtils.jsm, line 161: TypeError: date is undefined
JavaScript warning: https://www.dataunion.com.br/45c4182f-ea0e-41ab-9319-e5ab1717f558, line 1: WebGL context was lost.
JavaScript warning: https://www.dataunion.com.br/45c4182f-ea0e-41ab-9319-e5ab1717f558, line 1: WebGL context was lost.
JavaScript warning: https://www.dataunion.com.br/45c4182f-ea0e-41ab-9319-e5ab1717f558, line 1: WebGL context was lost.
JavaScript warning: https://www.dataunion.com.br/45c4182f-ea0e-41ab-9319-e5ab1717f558, line 1: WebGL context was lost.
1606846325418	Marionette	INFO	Stopped listening on port 45071
1606846459930	geckodriver	INFO	Listening on 127.0.0.1:38495
1606846459935	mozrunner::runner	INFO	Running command: "/usr/bin/firefox" "--marionette" "-foreground" "-no-remote" "-profile" "/tmp/rust_mozprofilec8lqDH"
console.info: MINT: Trying to use the system region (based on LANG).
console.info: MINT: System region is US
console.warn: SearchSettings: "get: No settings file exists, new profile?" (new Error("", "(unknown module)"))
1606846464079	Marionette	INFO	Listening on port 36747
1606846464172	Marionette	WARN	TLS certificate errors will be ignored for this session
console.info: MINT: Loading search-config defaults.
JavaScript error: resource://gre/modules/TelemetryUtils.jsm, line 161: TypeError: date is undefined
JavaScript warning: https://www.dataunion.com.br/45c4182f-ea0e-41ab-9319-e5ab1717f558, line 1: WebGL context was lost.
JavaScript warning: https://www.dataunion.com.br/45c4182f-ea0e-41ab-9319-e5ab1717f558, line 1: WebGL context was lost.
JavaScript warning: https://www.dataunion.com.br/45c4182f-ea0e-41ab-9319-e5ab1717f558, line 1: WebGL context was lost.
JavaScript warning: https://www.dataunion.com.br/45c4182f-ea0e-41ab-9319-e5ab1717f558, line 1: WebGL context was lost.
1606846478438	Marionette	INFO	Stopped listening on port 36747
1606846841280	geckodriver	INFO	Listening on 127.0.0.1:46357
1606846841287	mozrunner::runner	INFO	Running command: "/usr/bin/firefox" "--marionette" "-foreground" "-no-remote" "-profile" "/tmp/rust_mozprofile7YGTEM"
console.info: MINT: Trying to use the system region (based on LANG).
console.info: MINT: System region is US
console.warn: SearchSettings: "get: No settings file exists, new profile?" (new Error("", "(unknown module)"))
1606846845714	Marionette	INFO	Listening on port 44079
1606846845824	Marionette	WARN	TLS certificate errors will be ignored for this session
console.info: MINT: Loading search-config defaults.
JavaScript error: resource://gre/modules/TelemetryUtils.jsm, line 161: TypeError: date is undefined
JavaScript warning: https://www.dataunion.com.br/45c4182f-ea0e-41ab-9319-e5ab1717f558, line 1: WebGL context was lost.
JavaScript warning: https://www.dataunion.com.br/45c4182f-ea0e-41ab-9319-e5ab1717f558, line 1: WebGL context was lost.
JavaScript warning: https://www.dataunion.com.br/45c4182f-ea0e-41ab-9319-e5ab1717f558, line 1: WebGL context was lost.
JavaScript warning: https://www.dataunion.com.br/45c4182f-ea0e-41ab-9319-e5ab1717f558, line 1: WebGL context was lost.
1606846878516	Marionette	INFO	Stopped listening on port 44079
1606847648367	geckodriver	INFO	Listening on 127.0.0.1:59897
1606847648373	mozrunner::runner	INFO	Running command: "/usr/bin/firefox" "--marionette" "-foreground" "-no-remote" "-profile" "/tmp/rust_mozprofileISLAmX"
console.info: MINT: Trying to use the system region (based on LANG).
console.info: MINT: System region is US
console.warn: SearchSettings: "get: No settings file exists, new profile?" (new Error("", "(unknown module)"))
1606847652303	Marionette	INFO	Listening on port 36237
1606847652417	Marionette	WARN	TLS certificate errors will be ignored for this session
console.info: MINT: Loading search-config defaults.
JavaScript error: resource://gre/modules/TelemetryUtils.jsm, line 161: TypeError: date is undefined
JavaScript warning: https://www.dataunion.com.br/45c4182f-ea0e-41ab-9319-e5ab1717f558, line 1: WebGL context was lost.
JavaScript warning: https://www.dataunion.com.br/45c4182f-ea0e-41ab-9319-e5ab1717f558, line 1: WebGL context was lost.
JavaScript warning: https://www.dataunion.com.br/45c4182f-ea0e-41ab-9319-e5ab1717f558, line 1: WebGL context was lost.
JavaScript warning: https://www.dataunion.com.br/45c4182f-ea0e-41ab-9319-e5ab1717f558, line 1: WebGL context was lost.
1606847689634	geckodriver	INFO	Listening on 127.0.0.1:41965
1606847689643	mozrunner::runner	INFO	Running command: "/usr/bin/firefox" "--marionette" "-foreground" "-no-remote" "-profile" "/tmp/rust_mozprofileZfPtuk"
console.info: MINT: Trying to use the system region (based on LANG).
console.info: MINT: System region is US
console.warn: SearchSettings: "get: No settings file exists, new profile?" (new Error("", "(unknown module)"))
1606847695818	Marionette	INFO	Listening on port 36493
1606847695893	Marionette	WARN	TLS certificate errors will be ignored for this session
console.info: MINT: Loading search-config defaults.
JavaScript error: resource://gre/modules/TelemetryUtils.jsm, line 161: TypeError: date is undefined
JavaScript warning: https://www.dataunion.com.br/45c4182f-ea0e-41ab-9319-e5ab1717f558, line 1: WebGL context was lost.
JavaScript warning: https://www.dataunion.com.br/45c4182f-ea0e-41ab-9319-e5ab1717f558, line 1: WebGL context was lost.
JavaScript warning: https://www.dataunion.com.br/45c4182f-ea0e-41ab-9319-e5ab1717f558, line 1: WebGL context was lost.
JavaScript warning: https://www.dataunion.com.br/45c4182f-ea0e-41ab-9319-e5ab1717f558, line 1: WebGL context was lost.
Exiting due to channel error.
Exiting due to channel error.
Exiting due to channel error.
1606847802432	Marionette	INFO	Stopped listening on port 36237
1606848429476	geckodriver	INFO	Listening on 127.0.0.1:41737
1606848429482	mozrunner::runner	INFO	Running command: "/usr/bin/firefox" "--marionette" "-foreground" "-no-remote" "-profile" "/tmp/rust_mozprofileD7hovf"
console.info: MINT: Trying to use the system region (based on LANG).
console.info: MINT: System region is US
console.warn: SearchSettings: "get: No settings file exists, new profile?" (new Error("", "(unknown module)"))
1606848434754	Marionette	INFO	Listening on port 45693
1606848434825	Marionette	WARN	TLS certificate errors will be ignored for this session
console.info: MINT: Loading search-config defaults.
JavaScript error: resource://gre/modules/TelemetryUtils.jsm, line 161: TypeError: date is undefined
JavaScript warning: https://www.dataunion.com.br/45c4182f-ea0e-41ab-9319-e5ab1717f558, line 1: WebGL context was lost.
JavaScript warning: https://www.dataunion.com.br/45c4182f-ea0e-41ab-9319-e5ab1717f558, line 1: WebGL context was lost.
JavaScript warning: https://www.dataunion.com.br/45c4182f-ea0e-41ab-9319-e5ab1717f558, line 1: WebGL context was lost.
JavaScript warning: https://www.dataunion.com.br/45c4182f-ea0e-41ab-9319-e5ab1717f558, line 1: WebGL context was lost.
IPDL protocol error: Handler returned error code!

###!!! [Parent][DispatchAsyncMessage] Error: PLayerTransaction::Msg_ReleaseLayer Processing error: message was deserialized, but the handler returned false (indicating failure)

JavaScript error: chrome://browser/content/browser-customization.js, line 166: NS_ERROR_NOT_INITIALIZED: 
1606848484035	Marionette	INFO	Stopped listening on port 45693
1606848486767	geckodriver	INFO	Listening on 127.0.0.1:40927
1606848486772	mozrunner::runner	INFO	Running command: "/usr/bin/firefox" "--marionette" "-foreground" "-no-remote" "-profile" "/tmp/rust_mozprofilex4y7lq"
console.info: MINT: Trying to use the system region (based on LANG).
console.info: MINT: System region is US
console.warn: SearchSettings: "get: No settings file exists, new profile?" (new Error("", "(unknown module)"))
1606848490676	Marionette	INFO	Listening on port 36125
1606848490725	Marionette	WARN	TLS certificate errors will be ignored for this session
console.info: MINT: Loading search-config defaults.
JavaScript error: resource://gre/modules/TelemetryUtils.jsm, line 161: TypeError: date is undefined
JavaScript warning: https://www.dataunion.com.br/45c4182f-ea0e-41ab-9319-e5ab1717f558, line 1: WebGL context was lost.
JavaScript warning: https://www.dataunion.com.br/45c4182f-ea0e-41ab-9319-e5ab1717f558, line 1: WebGL context was lost.
JavaScript warning: https://www.dataunion.com.br/45c4182f-ea0e-41ab-9319-e5ab1717f558, line 1: WebGL context was lost.
JavaScript warning: https://www.dataunion.com.br/45c4182f-ea0e-41ab-9319-e5ab1717f558, line 1: WebGL context was lost.
1606848698394	Marionette	INFO	Stopped listening on port 36125
1606848769676	geckodriver	INFO	Listening on 127.0.0.1:53469
1606848769681	mozrunner::runner	INFO	Running command: "/usr/bin/firefox" "--marionette" "-foreground" "-no-remote" "-profile" "/tmp/rust_mozprofileIBfPSn"
console.info: MINT: Trying to use the system region (based on LANG).
console.info: MINT: System region is US
console.warn: SearchSettings: "get: No settings file exists, new profile?" (new Error("", "(unknown module)"))
1606848773583	Marionette	INFO	Listening on port 44759
1606848773618	Marionette	WARN	TLS certificate errors will be ignored for this session
console.info: MINT: Loading search-config defaults.
JavaScript error: resource://gre/modules/TelemetryUtils.jsm, line 161: TypeError: date is undefined
JavaScript warning: https://www.dataunion.com.br/45c4182f-ea0e-41ab-9319-e5ab1717f558, line 1: WebGL context was lost.
JavaScript warning: https://www.dataunion.com.br/45c4182f-ea0e-41ab-9319-e5ab1717f558, line 1: WebGL context was lost.
JavaScript warning: https://www.dataunion.com.br/45c4182f-ea0e-41ab-9319-e5ab1717f558, line 1: WebGL context was lost.
JavaScript warning: https://www.dataunion.com.br/45c4182f-ea0e-41ab-9319-e5ab1717f558, line 1: WebGL context was lost.
JavaScript warning: https://www.dataunion.com.br/45c4182f-ea0e-41ab-9319-e5ab1717f558, line 1: WebGL context was lost.
JavaScript warning: https://www.dataunion.com.br/45c4182f-ea0e-41ab-9319-e5ab1717f558, line 1: WebGL context was lost.
JavaScript warning: https://www.dataunion.com.br/45c4182f-ea0e-41ab-9319-e5ab1717f558, line 1: WebGL context was lost.
JavaScript warning: https://www.dataunion.com.br/45c4182f-ea0e-41ab-9319-e5ab1717f558, line 1: WebGL context was lost.
1606848788986	Marionette	INFO	Stopped listening on port 44759
1606849187425	geckodriver	INFO	Listening on 127.0.0.1:38787
1606849187430	mozrunner::runner	INFO	Running command: "/usr/bin/firefox" "--marionette" "-foreground" "-no-remote" "-profile" "/tmp/rust_mozprofilezVmNlF"
console.info: MINT: Trying to use the system region (based on LANG).
console.info: MINT: System region is US
console.warn: SearchSettings: "get: No settings file exists, new profile?" (new Error("", "(unknown module)"))
1606849191160	Marionette	INFO	Listening on port 33229
1606849191272	Marionette	WARN	TLS certificate errors will be ignored for this session
console.info: MINT: Loading search-config defaults.
JavaScript error: resource://gre/modules/TelemetryUtils.jsm, line 161: TypeError: date is undefined
JavaScript warning: https://www.dataunion.com.br/45c4182f-ea0e-41ab-9319-e5ab1717f558, line 1: WebGL context was lost.
JavaScript warning: https://www.dataunion.com.br/45c4182f-ea0e-41ab-9319-e5ab1717f558, line 1: WebGL context was lost.
JavaScript warning: https://www.dataunion.com.br/45c4182f-ea0e-41ab-9319-e5ab1717f558, line 1: WebGL context was lost.
JavaScript warning: https://www.dataunion.com.br/45c4182f-ea0e-41ab-9319-e5ab1717f558, line 1: WebGL context was lost.
JavaScript warning: https://www.dataunion.com.br/45c4182f-ea0e-41ab-9319-e5ab1717f558, line 1: WebGL context was lost.
JavaScript warning: https://www.dataunion.com.br/45c4182f-ea0e-41ab-9319-e5ab1717f558, line 1: WebGL context was lost.
JavaScript warning: https://www.dataunion.com.br/45c4182f-ea0e-41ab-9319-e5ab1717f558, line 1: WebGL context was lost.
JavaScript warning: https://www.dataunion.com.br/45c4182f-ea0e-41ab-9319-e5ab1717f558, line 1: WebGL context was lost.
1606849275207	Marionette	INFO	Stopped listening on port 33229
1606849276471	geckodriver	INFO	Listening on 127.0.0.1:40445
1606849276476	mozrunner::runner	INFO	Running command: "/usr/bin/firefox" "--marionette" "-foreground" "-no-remote" "-profile" "/tmp/rust_mozprofilelUFLOF"
console.info: MINT: Trying to use the system region (based on LANG).
console.info: MINT: System region is US
console.warn: SearchSettings: "get: No settings file exists, new profile?" (new Error("", "(unknown module)"))
1606849280517	Marionette	INFO	Listening on port 34437
1606849280616	Marionette	WARN	TLS certificate errors will be ignored for this session
console.info: MINT: Loading search-config defaults.
JavaScript error: resource://gre/modules/TelemetryUtils.jsm, line 161: TypeError: date is undefined
JavaScript warning: https://www.dataunion.com.br/45c4182f-ea0e-41ab-9319-e5ab1717f558, line 1: WebGL context was lost.
JavaScript warning: https://www.dataunion.com.br/45c4182f-ea0e-41ab-9319-e5ab1717f558, line 1: WebGL context was lost.
JavaScript warning: https://www.dataunion.com.br/45c4182f-ea0e-41ab-9319-e5ab1717f558, line 1: WebGL context was lost.
JavaScript warning: https://www.dataunion.com.br/45c4182f-ea0e-41ab-9319-e5ab1717f558, line 1: WebGL context was lost.
JavaScript warning: https://www.dataunion.com.br/45c4182f-ea0e-41ab-9319-e5ab1717f558, line 1: WebGL context was lost.
JavaScript warning: https://www.dataunion.com.br/45c4182f-ea0e-41ab-9319-e5ab1717f558, line 1: WebGL context was lost.
JavaScript warning: https://www.dataunion.com.br/45c4182f-ea0e-41ab-9319-e5ab1717f558, line 1: WebGL context was lost.
JavaScript warning: https://www.dataunion.com.br/45c4182f-ea0e-41ab-9319-e5ab1717f558, line 1: WebGL context was lost.
JavaScript warning: https://www.dataunion.com.br/45c4182f-ea0e-41ab-9319-e5ab1717f558, line 1: WebGL context was lost.
JavaScript warning: https://www.dataunion.com.br/45c4182f-ea0e-41ab-9319-e5ab1717f558, line 1: WebGL context was lost.
JavaScript warning: https://www.dataunion.com.br/45c4182f-ea0e-41ab-9319-e5ab1717f558, line 1: WebGL context was lost.
JavaScript warning: https://www.dataunion.com.br/45c4182f-ea0e-41ab-9319-e5ab1717f558, line 1: WebGL context was lost.
1606849346212	Marionette	INFO	Stopped listening on port 34437
1606849392225	geckodriver	INFO	Listening on 127.0.0.1:41847
1606849392230	mozrunner::runner	INFO	Running command: "/usr/bin/firefox" "--marionette" "-foreground" "-no-remote" "-profile" "/tmp/rust_mozprofileTPHPmS"
console.info: MINT: Trying to use the system region (based on LANG).
console.info: MINT: System region is US
console.warn: SearchSettings: "get: No settings file exists, new profile?" (new Error("", "(unknown module)"))
1606849396221	Marionette	INFO	Listening on port 46259
1606849396272	Marionette	WARN	TLS certificate errors will be ignored for this session
console.info: MINT: Loading search-config defaults.
JavaScript error: resource://gre/modules/TelemetryUtils.jsm, line 161: TypeError: date is undefined
JavaScript warning: https://www.dataunion.com.br/45c4182f-ea0e-41ab-9319-e5ab1717f558, line 1: WebGL context was lost.
JavaScript warning: https://www.dataunion.com.br/45c4182f-ea0e-41ab-9319-e5ab1717f558, line 1: WebGL context was lost.
JavaScript warning: https://www.dataunion.com.br/45c4182f-ea0e-41ab-9319-e5ab1717f558, line 1: WebGL context was lost.
JavaScript warning: https://www.dataunion.com.br/45c4182f-ea0e-41ab-9319-e5ab1717f558, line 1: WebGL context was lost.
JavaScript warning: https://www.dataunion.com.br/45c4182f-ea0e-41ab-9319-e5ab1717f558, line 1: WebGL context was lost.
JavaScript warning: https://www.dataunion.com.br/45c4182f-ea0e-41ab-9319-e5ab1717f558, line 1: WebGL context was lost.
JavaScript warning: https://www.dataunion.com.br/45c4182f-ea0e-41ab-9319-e5ab1717f558, line 1: WebGL context was lost.
JavaScript warning: https://www.dataunion.com.br/45c4182f-ea0e-41ab-9319-e5ab1717f558, line 1: WebGL context was lost.
JavaScript warning: https://www.dataunion.com.br/45c4182f-ea0e-41ab-9319-e5ab1717f558, line 1: WebGL context was lost.
JavaScript warning: https://www.dataunion.com.br/45c4182f-ea0e-41ab-9319-e5ab1717f558, line 1: WebGL context was lost.
JavaScript warning: https://www.dataunion.com.br/45c4182f-ea0e-41ab-9319-e5ab1717f558, line 1: WebGL context was lost.
JavaScript warning: https://www.dataunion.com.br/45c4182f-ea0e-41ab-9319-e5ab1717f558, line 1: WebGL context was lost.
1606849407494	Marionette	INFO	Stopped listening on port 46259
1606849820915	geckodriver	INFO	Listening on 127.0.0.1:39665
1606849820920	mozrunner::runner	INFO	Running command: "/usr/bin/firefox" "--marionette" "-foreground" "-no-remote" "-profile" "/tmp/rust_mozprofileGB3a12"
console.info: MINT: Trying to use the system region (based on LANG).
console.info: MINT: System region is US
console.warn: SearchSettings: "get: No settings file exists, new profile?" (new Error("", "(unknown module)"))
1606849825153	Marionette	INFO	Listening on port 44837
1606849825260	Marionette	WARN	TLS certificate errors will be ignored for this session
console.info: MINT: Loading search-config defaults.
JavaScript error: resource://gre/modules/TelemetryUtils.jsm, line 161: TypeError: date is undefined
JavaScript warning: https://www.dataunion.com.br/45c4182f-ea0e-41ab-9319-e5ab1717f558, line 1: WebGL context was lost.
JavaScript warning: https://www.dataunion.com.br/45c4182f-ea0e-41ab-9319-e5ab1717f558, line 1: WebGL context was lost.
JavaScript warning: https://www.dataunion.com.br/45c4182f-ea0e-41ab-9319-e5ab1717f558, line 1: WebGL context was lost.
JavaScript warning: https://www.dataunion.com.br/45c4182f-ea0e-41ab-9319-e5ab1717f558, line 1: WebGL context was lost.
JavaScript warning: https://www.dataunion.com.br/45c4182f-ea0e-41ab-9319-e5ab1717f558, line 1: WebGL context was lost.
JavaScript warning: https://www.dataunion.com.br/45c4182f-ea0e-41ab-9319-e5ab1717f558, line 1: WebGL context was lost.
JavaScript warning: https://www.dataunion.com.br/45c4182f-ea0e-41ab-9319-e5ab1717f558, line 1: WebGL context was lost.
JavaScript warning: https://www.dataunion.com.br/45c4182f-ea0e-41ab-9319-e5ab1717f558, line 1: WebGL context was lost.
JavaScript warning: https://www.dataunion.com.br/45c4182f-ea0e-41ab-9319-e5ab1717f558, line 1: WebGL context was lost.
JavaScript warning: https://www.dataunion.com.br/45c4182f-ea0e-41ab-9319-e5ab1717f558, line 1: WebGL context was lost.
JavaScript warning: https://www.dataunion.com.br/45c4182f-ea0e-41ab-9319-e5ab1717f558, line 1: WebGL context was lost.
JavaScript warning: https://www.dataunion.com.br/45c4182f-ea0e-41ab-9319-e5ab1717f558, line 1: WebGL context was lost.
1606849835745	Marionette	INFO	Stopped listening on port 44837
1606849991313	geckodriver	INFO	Listening on 127.0.0.1:50073
1606849991319	mozrunner::runner	INFO	Running command: "/usr/bin/firefox" "--marionette" "-foreground" "-no-remote" "-profile" "/tmp/rust_mozprofilebSmc6n"
console.info: MINT: Trying to use the system region (based on LANG).
console.info: MINT: System region is US
console.warn: SearchSettings: "get: No settings file exists, new profile?" (new Error("", "(unknown module)"))
1606849995231	Marionette	INFO	Listening on port 34383
1606849995362	Marionette	WARN	TLS certificate errors will be ignored for this session
console.info: MINT: Loading search-config defaults.
JavaScript error: resource://gre/modules/TelemetryUtils.jsm, line 161: TypeError: date is undefined
JavaScript warning: https://www.dataunion.com.br/45c4182f-ea0e-41ab-9319-e5ab1717f558, line 1: WebGL context was lost.
JavaScript warning: https://www.dataunion.com.br/45c4182f-ea0e-41ab-9319-e5ab1717f558, line 1: WebGL context was lost.
JavaScript warning: https://www.dataunion.com.br/45c4182f-ea0e-41ab-9319-e5ab1717f558, line 1: WebGL context was lost.
JavaScript warning: https://www.dataunion.com.br/45c4182f-ea0e-41ab-9319-e5ab1717f558, line 1: WebGL context was lost.
JavaScript warning: https://www.dataunion.com.br/45c4182f-ea0e-41ab-9319-e5ab1717f558, line 1: WebGL context was lost.
JavaScript warning: https://www.dataunion.com.br/45c4182f-ea0e-41ab-9319-e5ab1717f558, line 1: WebGL context was lost.
JavaScript warning: https://www.dataunion.com.br/45c4182f-ea0e-41ab-9319-e5ab1717f558, line 1: WebGL context was lost.
JavaScript warning: https://www.dataunion.com.br/45c4182f-ea0e-41ab-9319-e5ab1717f558, line 1: WebGL context was lost.
JavaScript warning: https://www.dataunion.com.br/45c4182f-ea0e-41ab-9319-e5ab1717f558, line 1: WebGL context was lost.
JavaScript warning: https://www.dataunion.com.br/45c4182f-ea0e-41ab-9319-e5ab1717f558, line 1: WebGL context was lost.
JavaScript warning: https://www.dataunion.com.br/45c4182f-ea0e-41ab-9319-e5ab1717f558, line 1: WebGL context was lost.
JavaScript warning: https://www.dataunion.com.br/45c4182f-ea0e-41ab-9319-e5ab1717f558, line 1: WebGL context was lost.
1606850006758	Marionette	INFO	Stopped listening on port 34383
